{"level":"info","message":"Connected to MongoDB","service":"extrahand-backend","timestamp":"2025-08-14 11:20:30"}
{"level":"info","message":"🚀 Extrahand Backend API listening on port 4000","service":"extrahand-backend","timestamp":"2025-08-14 11:20:30"}
{"level":"info","message":"Environment: development","service":"extrahand-backend","timestamp":"2025-08-14 11:20:30"}
{"level":"info","message":"Health check: https://extrahandbackend.llp.trizenventures.com/api/v1/health","service":"extrahand-backend","timestamp":"2025-08-14 11:20:30"}
{"level":"info","message":"📴 Received SIGINT. Starting graceful shutdown...","service":"extrahand-backend","timestamp":"2025-08-14 11:35:14"}
{"level":"info","message":"Connected to MongoDB","service":"extrahand-backend","timestamp":"2025-08-17 12:03:09"}
{"level":"info","message":"🚀 Extrahand Backend API listening on port 4000","service":"extrahand-backend","timestamp":"2025-08-17 12:03:09"}
{"level":"info","message":"Environment: development","service":"extrahand-backend","timestamp":"2025-08-17 12:03:09"}
{"level":"info","message":"Health check: https://extrahandbackend.llp.trizenventures.com/api/v1/health","service":"extrahand-backend","timestamp":"2025-08-17 12:03:09"}
{"level":"info","message":"📴 Received SIGINT. Starting graceful shutdown...","service":"extrahand-backend","timestamp":"2025-08-17 13:10:23"}
{"level":"info","message":"Connected to MongoDB","service":"extrahand-backend","timestamp":"2025-08-17 13:55:24"}
{"level":"info","message":"🚀 Extrahand Backend API listening on port 4000","service":"extrahand-backend","timestamp":"2025-08-17 13:55:24"}
{"level":"info","message":"Environment: development","service":"extrahand-backend","timestamp":"2025-08-17 13:55:24"}
{"level":"info","message":"Health check: https://extrahandbackend.llp.trizenventures.com/api/v1/health","service":"extrahand-backend","timestamp":"2025-08-17 13:55:24"}
{"level":"info","message":"📴 Received SIGINT. Starting graceful shutdown...","service":"extrahand-backend","timestamp":"2025-08-17 16:08:42"}
{"level":"info","message":"✅ HTTP server closed","service":"extrahand-backend","timestamp":"2025-08-17 16:08:42"}
{"level":"info","message":"✅ MongoDB connection closed","service":"extrahand-backend","timestamp":"2025-08-17 16:08:43"}
{"level":"info","message":"Connected to MongoDB","service":"extrahand-backend","timestamp":"2025-08-17 16:16:25"}
{"level":"info","message":"🚀 Extrahand Backend API listening on port 4000","service":"extrahand-backend","timestamp":"2025-08-17 16:16:25"}
{"level":"info","message":"Environment: development","service":"extrahand-backend","timestamp":"2025-08-17 16:16:25"}
{"level":"info","message":"Health check: https://extrahandbackend.llp.trizenventures.com/api/v1/health","service":"extrahand-backend","timestamp":"2025-08-17 16:16:25"}
{"level":"info","message":"Connected to MongoDB","service":"extrahand-backend","timestamp":"2025-08-17 18:12:37"}
{"level":"info","message":"🚀 Extrahand Backend API listening on port 4000","service":"extrahand-backend","timestamp":"2025-08-17 18:12:37"}
{"level":"info","message":"Environment: development","service":"extrahand-backend","timestamp":"2025-08-17 18:12:37"}
{"level":"info","message":"Health check: https://extrahandbackend.llp.trizenventures.com/api/v1/health","service":"extrahand-backend","timestamp":"2025-08-17 18:12:37"}
{"level":"info","message":"📴 Received SIGINT. Starting graceful shutdown...","service":"extrahand-backend","timestamp":"2025-08-18 10:27:47"}
{"level":"info","message":"✅ HTTP server closed","service":"extrahand-backend","timestamp":"2025-08-18 10:27:47"}
{"level":"info","message":"✅ MongoDB connection closed","service":"extrahand-backend","timestamp":"2025-08-18 10:27:48"}
{"level":"info","message":"Connected to MongoDB","service":"extrahand-backend","timestamp":"2025-08-18 14:07:14"}
{"level":"info","message":"🚀 Extrahand Backend API listening on port 4000","service":"extrahand-backend","timestamp":"2025-08-18 14:07:14"}
{"level":"info","message":"Environment: development","service":"extrahand-backend","timestamp":"2025-08-18 14:07:14"}
{"level":"info","message":"Health check: https://extrahandbackend.llp.trizenventures.com/api/v1/health","service":"extrahand-backend","timestamp":"2025-08-18 14:07:14"}
{"level":"info","message":"Connected to MongoDB","service":"extrahand-backend","timestamp":"2025-08-19 12:38:51"}
{"level":"info","message":"🚀 Extrahand Backend API listening on port 4000","service":"extrahand-backend","timestamp":"2025-08-19 12:38:51"}
{"level":"info","message":"Environment: development","service":"extrahand-backend","timestamp":"2025-08-19 12:38:51"}
{"level":"info","message":"Health check: https://extrahandbackend.llp.trizenventures.com/api/v1/health","service":"extrahand-backend","timestamp":"2025-08-19 12:38:51"}
{"level":"info","message":"📴 Received SIGINT. Starting graceful shutdown...","service":"extrahand-backend","timestamp":"2025-08-19 15:39:18"}
{"level":"info","message":"Connected to MongoDB","service":"extrahand-backend","timestamp":"2025-08-19 15:59:32"}
{"level":"info","message":"🚀 Extrahand Backend API listening on port 4000","service":"extrahand-backend","timestamp":"2025-08-19 15:59:32"}
{"level":"info","message":"Environment: development","service":"extrahand-backend","timestamp":"2025-08-19 15:59:32"}
{"level":"info","message":"Health check: https://extrahandbackend.llp.trizenventures.com/api/v1/health","service":"extrahand-backend","timestamp":"2025-08-19 15:59:32"}
{"level":"info","message":"📴 Received SIGINT. Starting graceful shutdown...","service":"extrahand-backend","timestamp":"2025-08-19 16:13:39"}
{"level":"info","message":"Connected to MongoDB","service":"extrahand-backend","timestamp":"2025-08-19 17:18:31"}
{"level":"info","message":"🚀 Extrahand Backend API listening on port 4000","service":"extrahand-backend","timestamp":"2025-08-19 17:18:31"}
{"level":"info","message":"Environment: development","service":"extrahand-backend","timestamp":"2025-08-19 17:18:31"}
{"level":"info","message":"Health check: https://extrahandbackend.llp.trizenventures.com/api/v1/health","service":"extrahand-backend","timestamp":"2025-08-19 17:18:31"}
{"level":"info","message":"Connected to MongoDB","service":"extrahand-backend","timestamp":"2025-08-19 20:45:18"}
{"level":"info","message":"🚀 Extrahand Backend API listening on port 4000","service":"extrahand-backend","timestamp":"2025-08-19 20:45:18"}
{"level":"info","message":"Environment: development","service":"extrahand-backend","timestamp":"2025-08-19 20:45:18"}
{"level":"info","message":"Health check: https://extrahandbackend.llp.trizenventures.com/api/v1/health","service":"extrahand-backend","timestamp":"2025-08-19 20:45:18"}
{"level":"info","message":"Connected to MongoDB","service":"extrahand-backend","timestamp":"2025-08-20 10:35:58"}
{"level":"info","message":"🚀 Extrahand Backend API listening on port 4000","service":"extrahand-backend","timestamp":"2025-08-20 10:35:58"}
{"level":"info","message":"Environment: development","service":"extrahand-backend","timestamp":"2025-08-20 10:35:58"}
{"level":"info","message":"Health check: https://extrahandbackend.llp.trizenventures.com/api/v1/health","service":"extrahand-backend","timestamp":"2025-08-20 10:35:58"}
{"level":"info","message":"🔓 Development mode: Unauthenticated tasks endpoint enabled at /api/v1/dev/tasks","service":"extrahand-backend","timestamp":"2025-08-20 12:53:44"}
{"level":"info","message":"Connected to MongoDB","service":"extrahand-backend","timestamp":"2025-08-20 12:53:44"}
{"level":"info","message":"🚀 Extrahand Backend API listening on port 4000","service":"extrahand-backend","timestamp":"2025-08-20 12:53:44"}
{"level":"info","message":"Environment: development","service":"extrahand-backend","timestamp":"2025-08-20 12:53:44"}
{"level":"info","message":"Health check: https://extrahandbackend.llp.trizenventures.com/api/v1/health","service":"extrahand-backend","timestamp":"2025-08-20 12:53:44"}
{"level":"info","message":"📴 Received SIGINT. Starting graceful shutdown...","service":"extrahand-backend","timestamp":"2025-08-20 13:29:21"}
{"level":"info","message":"🔓 Development mode: Unauthenticated tasks endpoint enabled at /api/v1/dev/tasks","service":"extrahand-backend","timestamp":"2025-08-21 10:10:41"}
{"level":"info","message":"Connected to MongoDB","service":"extrahand-backend","timestamp":"2025-08-21 10:10:42"}
{"level":"info","message":"🚀 Extrahand Backend API listening on port 4000","service":"extrahand-backend","timestamp":"2025-08-21 10:10:42"}
{"level":"info","message":"Environment: development","service":"extrahand-backend","timestamp":"2025-08-21 10:10:42"}
{"level":"info","message":"Health check: https://extrahandbackend.llp.trizenventures.com/api/v1/health","service":"extrahand-backend","timestamp":"2025-08-21 10:10:42"}
{"level":"info","message":"📴 Received SIGINT. Starting graceful shutdown...","service":"extrahand-backend","timestamp":"2025-08-21 11:19:52"}
{"level":"info","message":"🔓 Development mode: Unauthenticated tasks endpoint enabled at /api/v1/dev/tasks","service":"extrahand-backend","timestamp":"2025-08-21 16:36:34"}
{"level":"info","message":"Connected to MongoDB","service":"extrahand-backend","timestamp":"2025-08-21 16:36:34"}
{"level":"info","message":"🚀 Extrahand Backend API listening on port 4000","service":"extrahand-backend","timestamp":"2025-08-21 16:36:34"}
{"level":"info","message":"Environment: development","service":"extrahand-backend","timestamp":"2025-08-21 16:36:34"}
{"level":"info","message":"Health check: https://extrahandbackend.llp.trizenventures.com/api/v1/health","service":"extrahand-backend","timestamp":"2025-08-21 16:36:34"}
{"level":"info","message":"📴 Received SIGINT. Starting graceful shutdown...","service":"extrahand-backend","timestamp":"2025-08-21 16:40:28"}
{"level":"info","message":"🔓 Development mode: Unauthenticated tasks endpoint enabled at /api/v1/dev/tasks","service":"extrahand-backend","timestamp":"2025-08-22 09:38:30"}
{"level":"info","message":"Connected to MongoDB","service":"extrahand-backend","timestamp":"2025-08-22 09:38:31"}
{"level":"info","message":"🚀 Extrahand Backend API listening on port 4000","service":"extrahand-backend","timestamp":"2025-08-22 09:38:31"}
{"level":"info","message":"Environment: development","service":"extrahand-backend","timestamp":"2025-08-22 09:38:31"}
{"level":"info","message":"Health check: http://localhost:4000/api/v1/health","service":"extrahand-backend","timestamp":"2025-08-22 09:38:31"}
{"level":"info","message":"📴 Received SIGINT. Starting graceful shutdown...","service":"extrahand-backend","timestamp":"2025-08-22 12:42:17"}
{"level":"info","message":"✅ HTTP server closed","service":"extrahand-backend","timestamp":"2025-08-22 12:42:17"}
{"level":"info","message":"✅ MongoDB connection closed","service":"extrahand-backend","timestamp":"2025-08-22 12:42:18"}
{"level":"info","message":"🔓 Development mode: Unauthenticated tasks endpoint enabled at /api/v1/dev/tasks","service":"extrahand-backend","timestamp":"2025-08-22 12:42:30"}
{"level":"info","message":"Connected to MongoDB","service":"extrahand-backend","timestamp":"2025-08-22 12:42:31"}
{"level":"info","message":"🚀 Extrahand Backend API listening on port 4000","service":"extrahand-backend","timestamp":"2025-08-22 12:42:31"}
{"level":"info","message":"Environment: development","service":"extrahand-backend","timestamp":"2025-08-22 12:42:31"}
{"level":"info","message":"Health check: http://localhost:4000/api/v1/health","service":"extrahand-backend","timestamp":"2025-08-22 12:42:31"}
{"date":"Fri Aug 22 2025 14:27:17 GMT+0530 (India Standard Time)","error":{"code":16755,"errorLabelSet":{},"errorResponse":{"code":16755,"errmsg":"Can't extract geo keys: { _id: ObjectId('68a44b4cb36922830cc17191'), uid: \"gGFLMUeXOQSBRY2K7mC81H4Ptyz2\", availability: null, createdAt: 1755597809155.0, location: { type: \"Point\", coordinates: [ null, null ] }, name: \"User\", phone: null, photoURL: null, roles: [ \"tasker\" ], skills: [], updatedAt: new Date(1755853037411), agreeTerms: true, agreeUpdates: true, email: null, userType: \"individual\" }  Point must only contain numeric elements, instead got type null","index":0},"index":0},"level":"error","message":"unhandledRejection: Can't extract geo keys: { _id: ObjectId('68a44b4cb36922830cc17191'), uid: \"gGFLMUeXOQSBRY2K7mC81H4Ptyz2\", availability: null, createdAt: 1755597809155.0, location: { type: \"Point\", coordinates: [ null, null ] }, name: \"User\", phone: null, photoURL: null, roles: [ \"tasker\" ], skills: [], updatedAt: new Date(1755853037411), agreeTerms: true, agreeUpdates: true, email: null, userType: \"individual\" }  Point must only contain numeric elements, instead got type null\nMongoServerError: Can't extract geo keys: { _id: ObjectId('68a44b4cb36922830cc17191'), uid: \"gGFLMUeXOQSBRY2K7mC81H4Ptyz2\", availability: null, createdAt: 1755597809155.0, location: { type: \"Point\", coordinates: [ null, null ] }, name: \"User\", phone: null, photoURL: null, roles: [ \"tasker\" ], skills: [], updatedAt: new Date(1755853037411), agreeTerms: true, agreeUpdates: true, email: null, userType: \"individual\" }  Point must only contain numeric elements, instead got type null\n    at UpdateOneOperation.execute (C:\\Trizen\\eh\\BackendEH\\node_modules\\mongoose\\node_modules\\mongodb\\lib\\operations\\update.js:76:19)\n    at process.processTicksAndRejections (node:internal/process/task_queues:105:5)\n    at async tryOperation (C:\\Trizen\\eh\\BackendEH\\node_modules\\mongoose\\node_modules\\mongodb\\lib\\operations\\execute_operation.js:207:20)\n    at async executeOperation (C:\\Trizen\\eh\\BackendEH\\node_modules\\mongoose\\node_modules\\mongodb\\lib\\operations\\execute_operation.js:75:16)\n    at async Collection.updateOne (C:\\Trizen\\eh\\BackendEH\\node_modules\\mongoose\\node_modules\\mongodb\\lib\\collection.js:207:16)\n    at async model.Query.exec (C:\\Trizen\\eh\\BackendEH\\node_modules\\mongoose\\lib\\query.js:4627:63)\n    at async C:\\Trizen\\eh\\BackendEH\\routes\\profiles.js:51:3","os":{"loadavg":[0,0,0],"uptime":619283.187},"process":{"argv":["C:\\Program Files\\nodejs\\node.exe","C:\\Trizen\\eh\\BackendEH\\server.js"],"cwd":"C:\\Trizen\\eh\\BackendEH","execPath":"C:\\Program Files\\nodejs\\node.exe","gid":null,"memoryUsage":{"arrayBuffers":18502206,"external":21103599,"heapTotal":38580224,"heapUsed":34974584,"rss":78200832},"pid":19428,"uid":null,"version":"v22.15.1"},"rejection":true,"service":"extrahand-backend","stack":"MongoServerError: Can't extract geo keys: { _id: ObjectId('68a44b4cb36922830cc17191'), uid: \"gGFLMUeXOQSBRY2K7mC81H4Ptyz2\", availability: null, createdAt: 1755597809155.0, location: { type: \"Point\", coordinates: [ null, null ] }, name: \"User\", phone: null, photoURL: null, roles: [ \"tasker\" ], skills: [], updatedAt: new Date(1755853037411), agreeTerms: true, agreeUpdates: true, email: null, userType: \"individual\" }  Point must only contain numeric elements, instead got type null\n    at UpdateOneOperation.execute (C:\\Trizen\\eh\\BackendEH\\node_modules\\mongoose\\node_modules\\mongodb\\lib\\operations\\update.js:76:19)\n    at process.processTicksAndRejections (node:internal/process/task_queues:105:5)\n    at async tryOperation (C:\\Trizen\\eh\\BackendEH\\node_modules\\mongoose\\node_modules\\mongodb\\lib\\operations\\execute_operation.js:207:20)\n    at async executeOperation (C:\\Trizen\\eh\\BackendEH\\node_modules\\mongoose\\node_modules\\mongodb\\lib\\operations\\execute_operation.js:75:16)\n    at async Collection.updateOne (C:\\Trizen\\eh\\BackendEH\\node_modules\\mongoose\\node_modules\\mongodb\\lib\\collection.js:207:16)\n    at async model.Query.exec (C:\\Trizen\\eh\\BackendEH\\node_modules\\mongoose\\lib\\query.js:4627:63)\n    at async C:\\Trizen\\eh\\BackendEH\\routes\\profiles.js:51:3","timestamp":"2025-08-22 14:27:17","trace":[{"column":19,"file":"C:\\Trizen\\eh\\BackendEH\\node_modules\\mongoose\\node_modules\\mongodb\\lib\\operations\\update.js","function":"UpdateOneOperation.execute","line":76,"method":"execute","native":false},{"column":5,"file":"node:internal/process/task_queues","function":"process.processTicksAndRejections","line":105,"method":"processTicksAndRejections","native":false},{"column":20,"file":"C:\\Trizen\\eh\\BackendEH\\node_modules\\mongoose\\node_modules\\mongodb\\lib\\operations\\execute_operation.js","function":"async tryOperation","line":207,"method":null,"native":false},{"column":16,"file":"C:\\Trizen\\eh\\BackendEH\\node_modules\\mongoose\\node_modules\\mongodb\\lib\\operations\\execute_operation.js","function":"async executeOperation","line":75,"method":null,"native":false},{"column":16,"file":"C:\\Trizen\\eh\\BackendEH\\node_modules\\mongoose\\node_modules\\mongodb\\lib\\collection.js","function":"async Collection.updateOne","line":207,"method":"updateOne","native":false},{"column":63,"file":"C:\\Trizen\\eh\\BackendEH\\node_modules\\mongoose\\lib\\query.js","function":"async model.Query.exec","line":4627,"method":"exec","native":false},{"column":3,"file":"async C:\\Trizen\\eh\\BackendEH\\routes\\profiles.js","function":null,"line":51,"method":null,"native":false}]}
{"level":"info","message":"🔓 Development mode: Unauthenticated tasks endpoint enabled at /api/v1/dev/tasks","service":"extrahand-backend","timestamp":"2025-08-22 14:36:53"}
{"level":"info","message":"Connected to MongoDB","service":"extrahand-backend","timestamp":"2025-08-22 14:36:57"}
{"level":"info","message":"🚀 Extrahand Backend API listening on port 4000","service":"extrahand-backend","timestamp":"2025-08-22 14:36:57"}
{"level":"info","message":"Environment: development","service":"extrahand-backend","timestamp":"2025-08-22 14:36:57"}
{"level":"info","message":"Health check: http://localhost:4000/api/v1/health","service":"extrahand-backend","timestamp":"2025-08-22 14:36:57"}
{"level":"info","message":"📴 Received SIGINT. Starting graceful shutdown...","service":"extrahand-backend","timestamp":"2025-08-22 14:59:22"}
{"level":"info","message":"🔓 Development mode: Unauthenticated tasks endpoint enabled at /api/v1/dev/tasks","service":"extrahand-backend","timestamp":"2025-08-22 15:30:03"}
{"level":"info","message":"Connected to MongoDB","service":"extrahand-backend","timestamp":"2025-08-22 15:30:05"}
{"level":"info","message":"🚀 Extrahand Backend API listening on port 4000","service":"extrahand-backend","timestamp":"2025-08-22 15:30:05"}
{"level":"info","message":"Environment: development","service":"extrahand-backend","timestamp":"2025-08-22 15:30:05"}
{"level":"info","message":"Health check: http://localhost:4000/api/v1/health","service":"extrahand-backend","timestamp":"2025-08-22 15:30:05"}
{"level":"info","message":"📴 Received SIGINT. Starting graceful shutdown...","service":"extrahand-backend","timestamp":"2025-08-22 15:36:54"}
{"level":"info","message":"🔓 Development mode: Unauthenticated tasks endpoint enabled at /api/v1/dev/tasks","service":"extrahand-backend","timestamp":"2025-08-25 13:39:46"}
{"level":"info","message":"Connected to MongoDB","service":"extrahand-backend","timestamp":"2025-08-25 13:39:48"}
{"level":"info","message":"🚀 Extrahand Backend API listening on port 4000","service":"extrahand-backend","timestamp":"2025-08-25 13:39:48"}
{"level":"info","message":"Environment: development","service":"extrahand-backend","timestamp":"2025-08-25 13:39:48"}
{"level":"info","message":"Health check: http://localhost:4000/api/v1/health","service":"extrahand-backend","timestamp":"2025-08-25 13:39:48"}
{"level":"info","message":"📴 Received SIGINT. Starting graceful shutdown...","service":"extrahand-backend","timestamp":"2025-08-25 15:25:29"}
{"level":"info","message":"✅ HTTP server closed","service":"extrahand-backend","timestamp":"2025-08-25 15:25:29"}
{"level":"info","message":"✅ MongoDB connection closed","service":"extrahand-backend","timestamp":"2025-08-25 15:25:30"}
{"level":"info","message":"🔓 Development mode: Unauthenticated tasks endpoint enabled at /api/v1/dev/tasks","service":"extrahand-backend","timestamp":"2025-08-25 16:00:13"}
{"level":"info","message":"Connected to MongoDB","service":"extrahand-backend","timestamp":"2025-08-25 16:00:16"}
{"level":"info","message":"🚀 Extrahand Backend API listening on port 4000","service":"extrahand-backend","timestamp":"2025-08-25 16:00:16"}
{"level":"info","message":"Environment: development","service":"extrahand-backend","timestamp":"2025-08-25 16:00:16"}
{"level":"info","message":"Health check: http://localhost:4000/api/v1/health","service":"extrahand-backend","timestamp":"2025-08-25 16:00:16"}
{"level":"info","message":"📴 Received SIGINT. Starting graceful shutdown...","service":"extrahand-backend","timestamp":"2025-08-25 19:33:01"}
{"level":"info","message":"✅ HTTP server closed","service":"extrahand-backend","timestamp":"2025-08-25 19:33:01"}
{"level":"info","message":"✅ MongoDB connection closed","service":"extrahand-backend","timestamp":"2025-08-25 19:33:02"}
{"level":"info","message":"🔓 Development mode: Unauthenticated tasks endpoint enabled at /api/v1/dev/tasks","service":"extrahand-backend","timestamp":"2025-08-25 19:33:09"}
{"level":"info","message":"Connected to MongoDB","service":"extrahand-backend","timestamp":"2025-08-25 19:33:11"}
{"level":"info","message":"🚀 Extrahand Backend API listening on port 4000","service":"extrahand-backend","timestamp":"2025-08-25 19:33:11"}
{"level":"info","message":"Environment: development","service":"extrahand-backend","timestamp":"2025-08-25 19:33:11"}
{"level":"info","message":"Health check: http://localhost:4000/api/v1/health","service":"extrahand-backend","timestamp":"2025-08-25 19:33:11"}
{"level":"info","message":"CORS request from origin: http://localhost:8080","service":"extrahand-backend","timestamp":"2025-08-25 19:37:05"}
{"level":"info","message":"Allowed origins: https://extrahand.in, https://extrahandbackend.llp.trizenventures.com, http://localhost:3000, http://localhost:3001","service":"extrahand-backend","timestamp":"2025-08-25 19:37:05"}
{"level":"warn","message":"CORS blocked request from origin: http://localhost:8080","service":"extrahand-backend","timestamp":"2025-08-25 19:37:05"}
{"error":"Not allowed by CORS","ip":"::1","level":"error","message":"Unhandled error:","method":"OPTIONS","service":"extrahand-backend","stack":"Error: Not allowed by CORS\n    at origin (C:\\Trizen\\eh\\BackendEH\\app.js:75:16)\n    at C:\\Trizen\\eh\\BackendEH\\node_modules\\cors\\lib\\index.js:219:13\n    at optionsCallback (C:\\Trizen\\eh\\BackendEH\\node_modules\\cors\\lib\\index.js:199:9)\n    at corsMiddleware (C:\\Trizen\\eh\\BackendEH\\node_modules\\cors\\lib\\index.js:204:7)\n    at Layer.handle [as handle_request] (C:\\Trizen\\eh\\BackendEH\\node_modules\\express\\lib\\router\\layer.js:95:5)\n    at trim_prefix (C:\\Trizen\\eh\\BackendEH\\node_modules\\express\\lib\\router\\index.js:328:13)\n    at C:\\Trizen\\eh\\BackendEH\\node_modules\\express\\lib\\router\\index.js:286:9\n    at Function.process_params (C:\\Trizen\\eh\\BackendEH\\node_modules\\express\\lib\\router\\index.js:346:12)\n    at next (C:\\Trizen\\eh\\BackendEH\\node_modules\\express\\lib\\router\\index.js:280:10)\n    at C:\\Trizen\\eh\\BackendEH\\node_modules\\express-rate-limit\\dist\\index.cjs:807:7","timestamp":"2025-08-25 19:37:05","url":"/api/v1/profiles/me","userAgent":"Mozilla/5.0 (Linux; Android 8.0.0; SM-G955U Build/R16NW) AppleWebKit/537.36 (KHTML, like Gecko) Chrome/139.0.0.0 Mobile Safari/537.36"}
{"level":"info","message":"CORS request from origin: http://localhost:8080","service":"extrahand-backend","timestamp":"2025-08-25 19:37:22"}
{"level":"info","message":"Allowed origins: https://extrahand.in, https://extrahandbackend.llp.trizenventures.com, http://localhost:3000, http://localhost:3001","service":"extrahand-backend","timestamp":"2025-08-25 19:37:22"}
{"level":"warn","message":"CORS blocked request from origin: http://localhost:8080","service":"extrahand-backend","timestamp":"2025-08-25 19:37:22"}
{"error":"Not allowed by CORS","ip":"::1","level":"error","message":"Unhandled error:","method":"OPTIONS","service":"extrahand-backend","stack":"Error: Not allowed by CORS\n    at origin (C:\\Trizen\\eh\\BackendEH\\app.js:75:16)\n    at C:\\Trizen\\eh\\BackendEH\\node_modules\\cors\\lib\\index.js:219:13\n    at optionsCallback (C:\\Trizen\\eh\\BackendEH\\node_modules\\cors\\lib\\index.js:199:9)\n    at corsMiddleware (C:\\Trizen\\eh\\BackendEH\\node_modules\\cors\\lib\\index.js:204:7)\n    at Layer.handle [as handle_request] (C:\\Trizen\\eh\\BackendEH\\node_modules\\express\\lib\\router\\layer.js:95:5)\n    at trim_prefix (C:\\Trizen\\eh\\BackendEH\\node_modules\\express\\lib\\router\\index.js:328:13)\n    at C:\\Trizen\\eh\\BackendEH\\node_modules\\express\\lib\\router\\index.js:286:9\n    at Function.process_params (C:\\Trizen\\eh\\BackendEH\\node_modules\\express\\lib\\router\\index.js:346:12)\n    at next (C:\\Trizen\\eh\\BackendEH\\node_modules\\express\\lib\\router\\index.js:280:10)\n    at C:\\Trizen\\eh\\BackendEH\\node_modules\\express-rate-limit\\dist\\index.cjs:807:7","timestamp":"2025-08-25 19:37:22","url":"/api/v1/profiles/me","userAgent":"Mozilla/5.0 (Linux; Android 8.0.0; SM-G955U Build/R16NW) AppleWebKit/537.36 (KHTML, like Gecko) Chrome/139.0.0.0 Mobile Safari/537.36"}
{"level":"info","message":"CORS request from origin: http://localhost:8080","service":"extrahand-backend","timestamp":"2025-08-25 19:37:30"}
{"level":"info","message":"Allowed origins: https://extrahand.in, https://extrahandbackend.llp.trizenventures.com, http://localhost:3000, http://localhost:3001","service":"extrahand-backend","timestamp":"2025-08-25 19:37:30"}
{"level":"warn","message":"CORS blocked request from origin: http://localhost:8080","service":"extrahand-backend","timestamp":"2025-08-25 19:37:30"}
{"error":"Not allowed by CORS","ip":"::1","level":"error","message":"Unhandled error:","method":"OPTIONS","service":"extrahand-backend","stack":"Error: Not allowed by CORS\n    at origin (C:\\Trizen\\eh\\BackendEH\\app.js:75:16)\n    at C:\\Trizen\\eh\\BackendEH\\node_modules\\cors\\lib\\index.js:219:13\n    at optionsCallback (C:\\Trizen\\eh\\BackendEH\\node_modules\\cors\\lib\\index.js:199:9)\n    at corsMiddleware (C:\\Trizen\\eh\\BackendEH\\node_modules\\cors\\lib\\index.js:204:7)\n    at Layer.handle [as handle_request] (C:\\Trizen\\eh\\BackendEH\\node_modules\\express\\lib\\router\\layer.js:95:5)\n    at trim_prefix (C:\\Trizen\\eh\\BackendEH\\node_modules\\express\\lib\\router\\index.js:328:13)\n    at C:\\Trizen\\eh\\BackendEH\\node_modules\\express\\lib\\router\\index.js:286:9\n    at Function.process_params (C:\\Trizen\\eh\\BackendEH\\node_modules\\express\\lib\\router\\index.js:346:12)\n    at next (C:\\Trizen\\eh\\BackendEH\\node_modules\\express\\lib\\router\\index.js:280:10)\n    at C:\\Trizen\\eh\\BackendEH\\node_modules\\express-rate-limit\\dist\\index.cjs:807:7","timestamp":"2025-08-25 19:37:30","url":"/api/v1/profiles","userAgent":"Mozilla/5.0 (Linux; Android 8.0.0; SM-G955U Build/R16NW) AppleWebKit/537.36 (KHTML, like Gecko) Chrome/139.0.0.0 Mobile Safari/537.36"}
{"level":"info","message":"CORS request from origin: http://localhost:8080","service":"extrahand-backend","timestamp":"2025-08-25 19:37:36"}
{"level":"info","message":"Allowed origins: https://extrahand.in, https://extrahandbackend.llp.trizenventures.com, http://localhost:3000, http://localhost:3001","service":"extrahand-backend","timestamp":"2025-08-25 19:37:36"}
{"level":"warn","message":"CORS blocked request from origin: http://localhost:8080","service":"extrahand-backend","timestamp":"2025-08-25 19:37:36"}
{"error":"Not allowed by CORS","ip":"::1","level":"error","message":"Unhandled error:","method":"OPTIONS","service":"extrahand-backend","stack":"Error: Not allowed by CORS\n    at origin (C:\\Trizen\\eh\\BackendEH\\app.js:75:16)\n    at C:\\Trizen\\eh\\BackendEH\\node_modules\\cors\\lib\\index.js:219:13\n    at optionsCallback (C:\\Trizen\\eh\\BackendEH\\node_modules\\cors\\lib\\index.js:199:9)\n    at corsMiddleware (C:\\Trizen\\eh\\BackendEH\\node_modules\\cors\\lib\\index.js:204:7)\n    at Layer.handle [as handle_request] (C:\\Trizen\\eh\\BackendEH\\node_modules\\express\\lib\\router\\layer.js:95:5)\n    at trim_prefix (C:\\Trizen\\eh\\BackendEH\\node_modules\\express\\lib\\router\\index.js:328:13)\n    at C:\\Trizen\\eh\\BackendEH\\node_modules\\express\\lib\\router\\index.js:286:9\n    at Function.process_params (C:\\Trizen\\eh\\BackendEH\\node_modules\\express\\lib\\router\\index.js:346:12)\n    at next (C:\\Trizen\\eh\\BackendEH\\node_modules\\express\\lib\\router\\index.js:280:10)\n    at C:\\Trizen\\eh\\BackendEH\\node_modules\\express-rate-limit\\dist\\index.cjs:807:7","timestamp":"2025-08-25 19:37:36","url":"/api/v1/profiles","userAgent":"Mozilla/5.0 (Linux; Android 8.0.0; SM-G955U Build/R16NW) AppleWebKit/537.36 (KHTML, like Gecko) Chrome/139.0.0.0 Mobile Safari/537.36"}
{"level":"info","message":"CORS request from origin: http://localhost:8080","service":"extrahand-backend","timestamp":"2025-08-25 19:37:36"}
{"level":"info","message":"Allowed origins: https://extrahand.in, https://extrahandbackend.llp.trizenventures.com, http://localhost:3000, http://localhost:3001","service":"extrahand-backend","timestamp":"2025-08-25 19:37:36"}
{"level":"warn","message":"CORS blocked request from origin: http://localhost:8080","service":"extrahand-backend","timestamp":"2025-08-25 19:37:36"}
{"error":"Not allowed by CORS","ip":"::1","level":"error","message":"Unhandled error:","method":"OPTIONS","service":"extrahand-backend","stack":"Error: Not allowed by CORS\n    at origin (C:\\Trizen\\eh\\BackendEH\\app.js:75:16)\n    at C:\\Trizen\\eh\\BackendEH\\node_modules\\cors\\lib\\index.js:219:13\n    at optionsCallback (C:\\Trizen\\eh\\BackendEH\\node_modules\\cors\\lib\\index.js:199:9)\n    at corsMiddleware (C:\\Trizen\\eh\\BackendEH\\node_modules\\cors\\lib\\index.js:204:7)\n    at Layer.handle [as handle_request] (C:\\Trizen\\eh\\BackendEH\\node_modules\\express\\lib\\router\\layer.js:95:5)\n    at trim_prefix (C:\\Trizen\\eh\\BackendEH\\node_modules\\express\\lib\\router\\index.js:328:13)\n    at C:\\Trizen\\eh\\BackendEH\\node_modules\\express\\lib\\router\\index.js:286:9\n    at Function.process_params (C:\\Trizen\\eh\\BackendEH\\node_modules\\express\\lib\\router\\index.js:346:12)\n    at next (C:\\Trizen\\eh\\BackendEH\\node_modules\\express\\lib\\router\\index.js:280:10)\n    at C:\\Trizen\\eh\\BackendEH\\node_modules\\express-rate-limit\\dist\\index.cjs:807:7","timestamp":"2025-08-25 19:37:36","url":"/api/v1/profiles/me","userAgent":"Mozilla/5.0 (Linux; Android 8.0.0; SM-G955U Build/R16NW) AppleWebKit/537.36 (KHTML, like Gecko) Chrome/139.0.0.0 Mobile Safari/537.36"}
{"level":"info","message":"CORS request from origin: http://localhost:8080","service":"extrahand-backend","timestamp":"2025-08-25 19:38:16"}
{"level":"info","message":"Allowed origins: https://extrahand.in, https://extrahandbackend.llp.trizenventures.com, http://localhost:3000, http://localhost:3001","service":"extrahand-backend","timestamp":"2025-08-25 19:38:16"}
{"level":"warn","message":"CORS blocked request from origin: http://localhost:8080","service":"extrahand-backend","timestamp":"2025-08-25 19:38:16"}
{"error":"Not allowed by CORS","ip":"::1","level":"error","message":"Unhandled error:","method":"OPTIONS","service":"extrahand-backend","stack":"Error: Not allowed by CORS\n    at origin (C:\\Trizen\\eh\\BackendEH\\app.js:75:16)\n    at C:\\Trizen\\eh\\BackendEH\\node_modules\\cors\\lib\\index.js:219:13\n    at optionsCallback (C:\\Trizen\\eh\\BackendEH\\node_modules\\cors\\lib\\index.js:199:9)\n    at corsMiddleware (C:\\Trizen\\eh\\BackendEH\\node_modules\\cors\\lib\\index.js:204:7)\n    at Layer.handle [as handle_request] (C:\\Trizen\\eh\\BackendEH\\node_modules\\express\\lib\\router\\layer.js:95:5)\n    at trim_prefix (C:\\Trizen\\eh\\BackendEH\\node_modules\\express\\lib\\router\\index.js:328:13)\n    at C:\\Trizen\\eh\\BackendEH\\node_modules\\express\\lib\\router\\index.js:286:9\n    at Function.process_params (C:\\Trizen\\eh\\BackendEH\\node_modules\\express\\lib\\router\\index.js:346:12)\n    at next (C:\\Trizen\\eh\\BackendEH\\node_modules\\express\\lib\\router\\index.js:280:10)\n    at C:\\Trizen\\eh\\BackendEH\\node_modules\\express-rate-limit\\dist\\index.cjs:807:7","timestamp":"2025-08-25 19:38:16","url":"/api/v1/profiles/me","userAgent":"Mozilla/5.0 (Linux; Android 8.0.0; SM-G955U Build/R16NW) AppleWebKit/537.36 (KHTML, like Gecko) Chrome/139.0.0.0 Mobile Safari/537.36"}
{"level":"info","message":"CORS request from origin: http://localhost:8080","service":"extrahand-backend","timestamp":"2025-08-25 19:40:12"}
{"level":"info","message":"Allowed origins: https://extrahand.in, https://extrahandbackend.llp.trizenventures.com, http://localhost:3000, http://localhost:3001","service":"extrahand-backend","timestamp":"2025-08-25 19:40:12"}
{"level":"warn","message":"CORS blocked request from origin: http://localhost:8080","service":"extrahand-backend","timestamp":"2025-08-25 19:40:12"}
{"error":"Not allowed by CORS","ip":"::1","level":"error","message":"Unhandled error:","method":"OPTIONS","service":"extrahand-backend","stack":"Error: Not allowed by CORS\n    at origin (C:\\Trizen\\eh\\BackendEH\\app.js:75:16)\n    at C:\\Trizen\\eh\\BackendEH\\node_modules\\cors\\lib\\index.js:219:13\n    at optionsCallback (C:\\Trizen\\eh\\BackendEH\\node_modules\\cors\\lib\\index.js:199:9)\n    at corsMiddleware (C:\\Trizen\\eh\\BackendEH\\node_modules\\cors\\lib\\index.js:204:7)\n    at Layer.handle [as handle_request] (C:\\Trizen\\eh\\BackendEH\\node_modules\\express\\lib\\router\\layer.js:95:5)\n    at trim_prefix (C:\\Trizen\\eh\\BackendEH\\node_modules\\express\\lib\\router\\index.js:328:13)\n    at C:\\Trizen\\eh\\BackendEH\\node_modules\\express\\lib\\router\\index.js:286:9\n    at Function.process_params (C:\\Trizen\\eh\\BackendEH\\node_modules\\express\\lib\\router\\index.js:346:12)\n    at next (C:\\Trizen\\eh\\BackendEH\\node_modules\\express\\lib\\router\\index.js:280:10)\n    at C:\\Trizen\\eh\\BackendEH\\node_modules\\express-rate-limit\\dist\\index.cjs:807:7","timestamp":"2025-08-25 19:40:12","url":"/api/v1/profiles/me","userAgent":"Mozilla/5.0 (Linux; Android 8.0.0; SM-G955U Build/R16NW) AppleWebKit/537.36 (KHTML, like Gecko) Chrome/139.0.0.0 Mobile Safari/537.36"}
{"level":"info","message":"CORS request from origin: http://localhost:8080","service":"extrahand-backend","timestamp":"2025-08-25 19:40:57"}
{"level":"info","message":"Allowed origins: https://extrahand.in, https://extrahandbackend.llp.trizenventures.com, http://localhost:3000, http://localhost:3001","service":"extrahand-backend","timestamp":"2025-08-25 19:40:57"}
{"level":"warn","message":"CORS blocked request from origin: http://localhost:8080","service":"extrahand-backend","timestamp":"2025-08-25 19:40:57"}
{"error":"Not allowed by CORS","ip":"::1","level":"error","message":"Unhandled error:","method":"OPTIONS","service":"extrahand-backend","stack":"Error: Not allowed by CORS\n    at origin (C:\\Trizen\\eh\\BackendEH\\app.js:75:16)\n    at C:\\Trizen\\eh\\BackendEH\\node_modules\\cors\\lib\\index.js:219:13\n    at optionsCallback (C:\\Trizen\\eh\\BackendEH\\node_modules\\cors\\lib\\index.js:199:9)\n    at corsMiddleware (C:\\Trizen\\eh\\BackendEH\\node_modules\\cors\\lib\\index.js:204:7)\n    at Layer.handle [as handle_request] (C:\\Trizen\\eh\\BackendEH\\node_modules\\express\\lib\\router\\layer.js:95:5)\n    at trim_prefix (C:\\Trizen\\eh\\BackendEH\\node_modules\\express\\lib\\router\\index.js:328:13)\n    at C:\\Trizen\\eh\\BackendEH\\node_modules\\express\\lib\\router\\index.js:286:9\n    at Function.process_params (C:\\Trizen\\eh\\BackendEH\\node_modules\\express\\lib\\router\\index.js:346:12)\n    at next (C:\\Trizen\\eh\\BackendEH\\node_modules\\express\\lib\\router\\index.js:280:10)\n    at C:\\Trizen\\eh\\BackendEH\\node_modules\\express-rate-limit\\dist\\index.cjs:807:7","timestamp":"2025-08-25 19:40:57","url":"/api/v1/profiles/me","userAgent":"Mozilla/5.0 (Linux; Android 8.0.0; SM-G955U Build/R16NW) AppleWebKit/537.36 (KHTML, like Gecko) Chrome/139.0.0.0 Mobile Safari/537.36"}
{"level":"info","message":"CORS request from origin: http://localhost:8080","service":"extrahand-backend","timestamp":"2025-08-25 19:41:14"}
{"level":"info","message":"Allowed origins: https://extrahand.in, https://extrahandbackend.llp.trizenventures.com, http://localhost:3000, http://localhost:3001","service":"extrahand-backend","timestamp":"2025-08-25 19:41:14"}
{"level":"warn","message":"CORS blocked request from origin: http://localhost:8080","service":"extrahand-backend","timestamp":"2025-08-25 19:41:14"}
{"error":"Not allowed by CORS","ip":"::1","level":"error","message":"Unhandled error:","method":"OPTIONS","service":"extrahand-backend","stack":"Error: Not allowed by CORS\n    at origin (C:\\Trizen\\eh\\BackendEH\\app.js:75:16)\n    at C:\\Trizen\\eh\\BackendEH\\node_modules\\cors\\lib\\index.js:219:13\n    at optionsCallback (C:\\Trizen\\eh\\BackendEH\\node_modules\\cors\\lib\\index.js:199:9)\n    at corsMiddleware (C:\\Trizen\\eh\\BackendEH\\node_modules\\cors\\lib\\index.js:204:7)\n    at Layer.handle [as handle_request] (C:\\Trizen\\eh\\BackendEH\\node_modules\\express\\lib\\router\\layer.js:95:5)\n    at trim_prefix (C:\\Trizen\\eh\\BackendEH\\node_modules\\express\\lib\\router\\index.js:328:13)\n    at C:\\Trizen\\eh\\BackendEH\\node_modules\\express\\lib\\router\\index.js:286:9\n    at Function.process_params (C:\\Trizen\\eh\\BackendEH\\node_modules\\express\\lib\\router\\index.js:346:12)\n    at next (C:\\Trizen\\eh\\BackendEH\\node_modules\\express\\lib\\router\\index.js:280:10)\n    at C:\\Trizen\\eh\\BackendEH\\node_modules\\express-rate-limit\\dist\\index.cjs:807:7","timestamp":"2025-08-25 19:41:14","url":"/api/v1/profiles/me","userAgent":"Mozilla/5.0 (Linux; Android 8.0.0; SM-G955U Build/R16NW) AppleWebKit/537.36 (KHTML, like Gecko) Chrome/139.0.0.0 Mobile Safari/537.36"}
{"level":"info","message":"CORS request from origin: http://localhost:8080","service":"extrahand-backend","timestamp":"2025-08-25 19:41:20"}
{"level":"info","message":"Allowed origins: https://extrahand.in, https://extrahandbackend.llp.trizenventures.com, http://localhost:3000, http://localhost:3001","service":"extrahand-backend","timestamp":"2025-08-25 19:41:20"}
{"level":"warn","message":"CORS blocked request from origin: http://localhost:8080","service":"extrahand-backend","timestamp":"2025-08-25 19:41:20"}
{"error":"Not allowed by CORS","ip":"::1","level":"error","message":"Unhandled error:","method":"OPTIONS","service":"extrahand-backend","stack":"Error: Not allowed by CORS\n    at origin (C:\\Trizen\\eh\\BackendEH\\app.js:75:16)\n    at C:\\Trizen\\eh\\BackendEH\\node_modules\\cors\\lib\\index.js:219:13\n    at optionsCallback (C:\\Trizen\\eh\\BackendEH\\node_modules\\cors\\lib\\index.js:199:9)\n    at corsMiddleware (C:\\Trizen\\eh\\BackendEH\\node_modules\\cors\\lib\\index.js:204:7)\n    at Layer.handle [as handle_request] (C:\\Trizen\\eh\\BackendEH\\node_modules\\express\\lib\\router\\layer.js:95:5)\n    at trim_prefix (C:\\Trizen\\eh\\BackendEH\\node_modules\\express\\lib\\router\\index.js:328:13)\n    at C:\\Trizen\\eh\\BackendEH\\node_modules\\express\\lib\\router\\index.js:286:9\n    at Function.process_params (C:\\Trizen\\eh\\BackendEH\\node_modules\\express\\lib\\router\\index.js:346:12)\n    at next (C:\\Trizen\\eh\\BackendEH\\node_modules\\express\\lib\\router\\index.js:280:10)\n    at C:\\Trizen\\eh\\BackendEH\\node_modules\\express-rate-limit\\dist\\index.cjs:807:7","timestamp":"2025-08-25 19:41:20","url":"/api/v1/profiles","userAgent":"Mozilla/5.0 (Linux; Android 8.0.0; SM-G955U Build/R16NW) AppleWebKit/537.36 (KHTML, like Gecko) Chrome/139.0.0.0 Mobile Safari/537.36"}
{"level":"info","message":"CORS request from origin: http://localhost:8080","service":"extrahand-backend","timestamp":"2025-08-25 19:41:26"}
{"level":"info","message":"Allowed origins: https://extrahand.in, https://extrahandbackend.llp.trizenventures.com, http://localhost:3000, http://localhost:3001","service":"extrahand-backend","timestamp":"2025-08-25 19:41:26"}
{"level":"warn","message":"CORS blocked request from origin: http://localhost:8080","service":"extrahand-backend","timestamp":"2025-08-25 19:41:26"}
{"error":"Not allowed by CORS","ip":"::1","level":"error","message":"Unhandled error:","method":"OPTIONS","service":"extrahand-backend","stack":"Error: Not allowed by CORS\n    at origin (C:\\Trizen\\eh\\BackendEH\\app.js:75:16)\n    at C:\\Trizen\\eh\\BackendEH\\node_modules\\cors\\lib\\index.js:219:13\n    at optionsCallback (C:\\Trizen\\eh\\BackendEH\\node_modules\\cors\\lib\\index.js:199:9)\n    at corsMiddleware (C:\\Trizen\\eh\\BackendEH\\node_modules\\cors\\lib\\index.js:204:7)\n    at Layer.handle [as handle_request] (C:\\Trizen\\eh\\BackendEH\\node_modules\\express\\lib\\router\\layer.js:95:5)\n    at trim_prefix (C:\\Trizen\\eh\\BackendEH\\node_modules\\express\\lib\\router\\index.js:328:13)\n    at C:\\Trizen\\eh\\BackendEH\\node_modules\\express\\lib\\router\\index.js:286:9\n    at Function.process_params (C:\\Trizen\\eh\\BackendEH\\node_modules\\express\\lib\\router\\index.js:346:12)\n    at next (C:\\Trizen\\eh\\BackendEH\\node_modules\\express\\lib\\router\\index.js:280:10)\n    at C:\\Trizen\\eh\\BackendEH\\node_modules\\express-rate-limit\\dist\\index.cjs:807:7","timestamp":"2025-08-25 19:41:26","url":"/api/v1/profiles","userAgent":"Mozilla/5.0 (Linux; Android 8.0.0; SM-G955U Build/R16NW) AppleWebKit/537.36 (KHTML, like Gecko) Chrome/139.0.0.0 Mobile Safari/537.36"}
{"level":"info","message":"CORS request from origin: http://localhost:8080","service":"extrahand-backend","timestamp":"2025-08-25 19:41:26"}
{"level":"info","message":"Allowed origins: https://extrahand.in, https://extrahandbackend.llp.trizenventures.com, http://localhost:3000, http://localhost:3001","service":"extrahand-backend","timestamp":"2025-08-25 19:41:26"}
{"level":"warn","message":"CORS blocked request from origin: http://localhost:8080","service":"extrahand-backend","timestamp":"2025-08-25 19:41:26"}
{"error":"Not allowed by CORS","ip":"::1","level":"error","message":"Unhandled error:","method":"OPTIONS","service":"extrahand-backend","stack":"Error: Not allowed by CORS\n    at origin (C:\\Trizen\\eh\\BackendEH\\app.js:75:16)\n    at C:\\Trizen\\eh\\BackendEH\\node_modules\\cors\\lib\\index.js:219:13\n    at optionsCallback (C:\\Trizen\\eh\\BackendEH\\node_modules\\cors\\lib\\index.js:199:9)\n    at corsMiddleware (C:\\Trizen\\eh\\BackendEH\\node_modules\\cors\\lib\\index.js:204:7)\n    at Layer.handle [as handle_request] (C:\\Trizen\\eh\\BackendEH\\node_modules\\express\\lib\\router\\layer.js:95:5)\n    at trim_prefix (C:\\Trizen\\eh\\BackendEH\\node_modules\\express\\lib\\router\\index.js:328:13)\n    at C:\\Trizen\\eh\\BackendEH\\node_modules\\express\\lib\\router\\index.js:286:9\n    at Function.process_params (C:\\Trizen\\eh\\BackendEH\\node_modules\\express\\lib\\router\\index.js:346:12)\n    at next (C:\\Trizen\\eh\\BackendEH\\node_modules\\express\\lib\\router\\index.js:280:10)\n    at C:\\Trizen\\eh\\BackendEH\\node_modules\\express-rate-limit\\dist\\index.cjs:807:7","timestamp":"2025-08-25 19:41:26","url":"/api/v1/profiles/me","userAgent":"Mozilla/5.0 (Linux; Android 8.0.0; SM-G955U Build/R16NW) AppleWebKit/537.36 (KHTML, like Gecko) Chrome/139.0.0.0 Mobile Safari/537.36"}
{"level":"info","message":"CORS request from origin: http://localhost:8080","service":"extrahand-backend","timestamp":"2025-08-25 19:45:51"}
{"level":"info","message":"Allowed origins: https://extrahand.in, https://extrahandbackend.llp.trizenventures.com, http://localhost:3000, http://localhost:3001","service":"extrahand-backend","timestamp":"2025-08-25 19:45:51"}
{"level":"warn","message":"CORS blocked request from origin: http://localhost:8080","service":"extrahand-backend","timestamp":"2025-08-25 19:45:51"}
{"error":"Not allowed by CORS","ip":"::1","level":"error","message":"Unhandled error:","method":"OPTIONS","service":"extrahand-backend","stack":"Error: Not allowed by CORS\n    at origin (C:\\Trizen\\eh\\BackendEH\\app.js:75:16)\n    at C:\\Trizen\\eh\\BackendEH\\node_modules\\cors\\lib\\index.js:219:13\n    at optionsCallback (C:\\Trizen\\eh\\BackendEH\\node_modules\\cors\\lib\\index.js:199:9)\n    at corsMiddleware (C:\\Trizen\\eh\\BackendEH\\node_modules\\cors\\lib\\index.js:204:7)\n    at Layer.handle [as handle_request] (C:\\Trizen\\eh\\BackendEH\\node_modules\\express\\lib\\router\\layer.js:95:5)\n    at trim_prefix (C:\\Trizen\\eh\\BackendEH\\node_modules\\express\\lib\\router\\index.js:328:13)\n    at C:\\Trizen\\eh\\BackendEH\\node_modules\\express\\lib\\router\\index.js:286:9\n    at Function.process_params (C:\\Trizen\\eh\\BackendEH\\node_modules\\express\\lib\\router\\index.js:346:12)\n    at next (C:\\Trizen\\eh\\BackendEH\\node_modules\\express\\lib\\router\\index.js:280:10)\n    at C:\\Trizen\\eh\\BackendEH\\node_modules\\express-rate-limit\\dist\\index.cjs:807:7","timestamp":"2025-08-25 19:45:51","url":"/api/v1/profiles/me","userAgent":"Mozilla/5.0 (Linux; Android 8.0.0; SM-G955U Build/R16NW) AppleWebKit/537.36 (KHTML, like Gecko) Chrome/139.0.0.0 Mobile Safari/537.36"}
{"level":"info","message":"CORS request from origin: http://localhost:8080","service":"extrahand-backend","timestamp":"2025-08-25 19:46:36"}
{"level":"info","message":"Allowed origins: https://extrahand.in, https://extrahandbackend.llp.trizenventures.com, http://localhost:3000, http://localhost:3001","service":"extrahand-backend","timestamp":"2025-08-25 19:46:36"}
{"level":"warn","message":"CORS blocked request from origin: http://localhost:8080","service":"extrahand-backend","timestamp":"2025-08-25 19:46:36"}
{"error":"Not allowed by CORS","ip":"::1","level":"error","message":"Unhandled error:","method":"OPTIONS","service":"extrahand-backend","stack":"Error: Not allowed by CORS\n    at origin (C:\\Trizen\\eh\\BackendEH\\app.js:75:16)\n    at C:\\Trizen\\eh\\BackendEH\\node_modules\\cors\\lib\\index.js:219:13\n    at optionsCallback (C:\\Trizen\\eh\\BackendEH\\node_modules\\cors\\lib\\index.js:199:9)\n    at corsMiddleware (C:\\Trizen\\eh\\BackendEH\\node_modules\\cors\\lib\\index.js:204:7)\n    at Layer.handle [as handle_request] (C:\\Trizen\\eh\\BackendEH\\node_modules\\express\\lib\\router\\layer.js:95:5)\n    at trim_prefix (C:\\Trizen\\eh\\BackendEH\\node_modules\\express\\lib\\router\\index.js:328:13)\n    at C:\\Trizen\\eh\\BackendEH\\node_modules\\express\\lib\\router\\index.js:286:9\n    at Function.process_params (C:\\Trizen\\eh\\BackendEH\\node_modules\\express\\lib\\router\\index.js:346:12)\n    at next (C:\\Trizen\\eh\\BackendEH\\node_modules\\express\\lib\\router\\index.js:280:10)\n    at C:\\Trizen\\eh\\BackendEH\\node_modules\\express-rate-limit\\dist\\index.cjs:807:7","timestamp":"2025-08-25 19:46:36","url":"/api/v1/profiles/me","userAgent":"Mozilla/5.0 (Linux; Android 8.0.0; SM-G955U Build/R16NW) AppleWebKit/537.36 (KHTML, like Gecko) Chrome/139.0.0.0 Mobile Safari/537.36"}
{"level":"info","message":"CORS request from origin: http://localhost:8080","service":"extrahand-backend","timestamp":"2025-08-25 19:46:45"}
{"level":"info","message":"Allowed origins: https://extrahand.in, https://extrahandbackend.llp.trizenventures.com, http://localhost:3000, http://localhost:3001","service":"extrahand-backend","timestamp":"2025-08-25 19:46:45"}
{"level":"warn","message":"CORS blocked request from origin: http://localhost:8080","service":"extrahand-backend","timestamp":"2025-08-25 19:46:45"}
{"error":"Not allowed by CORS","ip":"::1","level":"error","message":"Unhandled error:","method":"OPTIONS","service":"extrahand-backend","stack":"Error: Not allowed by CORS\n    at origin (C:\\Trizen\\eh\\BackendEH\\app.js:75:16)\n    at C:\\Trizen\\eh\\BackendEH\\node_modules\\cors\\lib\\index.js:219:13\n    at optionsCallback (C:\\Trizen\\eh\\BackendEH\\node_modules\\cors\\lib\\index.js:199:9)\n    at corsMiddleware (C:\\Trizen\\eh\\BackendEH\\node_modules\\cors\\lib\\index.js:204:7)\n    at Layer.handle [as handle_request] (C:\\Trizen\\eh\\BackendEH\\node_modules\\express\\lib\\router\\layer.js:95:5)\n    at trim_prefix (C:\\Trizen\\eh\\BackendEH\\node_modules\\express\\lib\\router\\index.js:328:13)\n    at C:\\Trizen\\eh\\BackendEH\\node_modules\\express\\lib\\router\\index.js:286:9\n    at Function.process_params (C:\\Trizen\\eh\\BackendEH\\node_modules\\express\\lib\\router\\index.js:346:12)\n    at next (C:\\Trizen\\eh\\BackendEH\\node_modules\\express\\lib\\router\\index.js:280:10)\n    at C:\\Trizen\\eh\\BackendEH\\node_modules\\express-rate-limit\\dist\\index.cjs:807:7","timestamp":"2025-08-25 19:46:45","url":"/api/v1/profiles","userAgent":"Mozilla/5.0 (Linux; Android 8.0.0; SM-G955U Build/R16NW) AppleWebKit/537.36 (KHTML, like Gecko) Chrome/139.0.0.0 Mobile Safari/537.36"}
{"level":"info","message":"📴 Received SIGINT. Starting graceful shutdown...","service":"extrahand-backend","timestamp":"2025-08-25 19:47:07"}
{"level":"info","message":"🔓 Development mode: Unauthenticated tasks endpoint enabled at /api/v1/dev/tasks","service":"extrahand-backend","timestamp":"2025-08-25 19:47:18"}
{"level":"info","message":"Connected to MongoDB","service":"extrahand-backend","timestamp":"2025-08-25 19:47:20"}
{"level":"info","message":"🚀 Extrahand Backend API listening on port 4000","service":"extrahand-backend","timestamp":"2025-08-25 19:47:20"}
{"level":"info","message":"Environment: development","service":"extrahand-backend","timestamp":"2025-08-25 19:47:20"}
{"level":"info","message":"Health check: http://localhost:4000/api/v1/health","service":"extrahand-backend","timestamp":"2025-08-25 19:47:20"}
{"level":"info","message":"CORS request from origin: http://localhost:8080","service":"extrahand-backend","timestamp":"2025-08-25 19:47:28"}
{"level":"info","message":"Allowed origins: https://extrahand.in, https://extrahandbackend.llp.trizenventures.com, http://localhost:3000, http://localhost:3001, http://localhost:8080, http://localhost:8081","service":"extrahand-backend","timestamp":"2025-08-25 19:47:28"}
{"level":"info","message":"CORS request from origin: http://localhost:8080","service":"extrahand-backend","timestamp":"2025-08-25 19:47:28"}
{"level":"info","message":"Allowed origins: https://extrahand.in, https://extrahandbackend.llp.trizenventures.com, http://localhost:3000, http://localhost:3001, http://localhost:8080, http://localhost:8081","service":"extrahand-backend","timestamp":"2025-08-25 19:47:28"}
{"level":"info","message":"CORS request from origin: http://localhost:8080","service":"extrahand-backend","timestamp":"2025-08-25 19:49:53"}
{"level":"info","message":"Allowed origins: https://extrahand.in, https://extrahandbackend.llp.trizenventures.com, http://localhost:3000, http://localhost:3001, http://localhost:8080, http://localhost:8081","service":"extrahand-backend","timestamp":"2025-08-25 19:49:53"}
{"level":"info","message":"CORS request from origin: http://localhost:8080","service":"extrahand-backend","timestamp":"2025-08-25 19:49:53"}
{"level":"info","message":"Allowed origins: https://extrahand.in, https://extrahandbackend.llp.trizenventures.com, http://localhost:3000, http://localhost:3001, http://localhost:8080, http://localhost:8081","service":"extrahand-backend","timestamp":"2025-08-25 19:49:53"}
{"level":"info","message":"CORS request from origin: http://localhost:8080","service":"extrahand-backend","timestamp":"2025-08-25 19:50:08"}
{"level":"info","message":"Allowed origins: https://extrahand.in, https://extrahandbackend.llp.trizenventures.com, http://localhost:3000, http://localhost:3001, http://localhost:8080, http://localhost:8081","service":"extrahand-backend","timestamp":"2025-08-25 19:50:08"}
{"level":"info","message":"CORS request from origin: http://localhost:8080","service":"extrahand-backend","timestamp":"2025-08-25 19:50:08"}
{"level":"info","message":"Allowed origins: https://extrahand.in, https://extrahandbackend.llp.trizenventures.com, http://localhost:3000, http://localhost:3001, http://localhost:8080, http://localhost:8081","service":"extrahand-backend","timestamp":"2025-08-25 19:50:08"}
{"level":"info","message":"CORS request from origin: http://localhost:8080","service":"extrahand-backend","timestamp":"2025-08-25 19:50:19"}
{"level":"info","message":"Allowed origins: https://extrahand.in, https://extrahandbackend.llp.trizenventures.com, http://localhost:3000, http://localhost:3001, http://localhost:8080, http://localhost:8081","service":"extrahand-backend","timestamp":"2025-08-25 19:50:19"}
{"level":"info","message":"CORS request from origin: http://localhost:8080","service":"extrahand-backend","timestamp":"2025-08-25 19:50:19"}
{"level":"info","message":"Allowed origins: https://extrahand.in, https://extrahandbackend.llp.trizenventures.com, http://localhost:3000, http://localhost:3001, http://localhost:8080, http://localhost:8081","service":"extrahand-backend","timestamp":"2025-08-25 19:50:19"}
{"level":"info","message":"CORS request from origin: http://localhost:8080","service":"extrahand-backend","timestamp":"2025-08-25 19:51:25"}
{"level":"info","message":"Allowed origins: https://extrahand.in, https://extrahandbackend.llp.trizenventures.com, http://localhost:3000, http://localhost:3001, http://localhost:8080, http://localhost:8081","service":"extrahand-backend","timestamp":"2025-08-25 19:51:25"}
{"level":"info","message":"CORS request from origin: http://localhost:8080","service":"extrahand-backend","timestamp":"2025-08-25 19:51:25"}
{"level":"info","message":"Allowed origins: https://extrahand.in, https://extrahandbackend.llp.trizenventures.com, http://localhost:3000, http://localhost:3001, http://localhost:8080, http://localhost:8081","service":"extrahand-backend","timestamp":"2025-08-25 19:51:25"}
{"level":"info","message":"CORS request from origin: http://localhost:8080","service":"extrahand-backend","timestamp":"2025-08-25 19:51:34"}
{"level":"info","message":"Allowed origins: https://extrahand.in, https://extrahandbackend.llp.trizenventures.com, http://localhost:3000, http://localhost:3001, http://localhost:8080, http://localhost:8081","service":"extrahand-backend","timestamp":"2025-08-25 19:51:34"}
{"level":"info","message":"CORS request from origin: http://localhost:8080","service":"extrahand-backend","timestamp":"2025-08-25 19:51:34"}
{"level":"info","message":"Allowed origins: https://extrahand.in, https://extrahandbackend.llp.trizenventures.com, http://localhost:3000, http://localhost:3001, http://localhost:8080, http://localhost:8081","service":"extrahand-backend","timestamp":"2025-08-25 19:51:34"}
{"level":"info","message":"CORS request from origin: http://localhost:8080","service":"extrahand-backend","timestamp":"2025-08-25 19:51:42"}
{"level":"info","message":"Allowed origins: https://extrahand.in, https://extrahandbackend.llp.trizenventures.com, http://localhost:3000, http://localhost:3001, http://localhost:8080, http://localhost:8081","service":"extrahand-backend","timestamp":"2025-08-25 19:51:42"}
{"level":"info","message":"CORS request from origin: http://localhost:8080","service":"extrahand-backend","timestamp":"2025-08-25 19:51:42"}
{"level":"info","message":"Allowed origins: https://extrahand.in, https://extrahandbackend.llp.trizenventures.com, http://localhost:3000, http://localhost:3001, http://localhost:8080, http://localhost:8081","service":"extrahand-backend","timestamp":"2025-08-25 19:51:42"}
{"level":"info","message":"CORS request from origin: http://localhost:8080","service":"extrahand-backend","timestamp":"2025-08-25 19:51:59"}
{"level":"info","message":"Allowed origins: https://extrahand.in, https://extrahandbackend.llp.trizenventures.com, http://localhost:3000, http://localhost:3001, http://localhost:8080, http://localhost:8081","service":"extrahand-backend","timestamp":"2025-08-25 19:51:59"}
{"level":"info","message":"CORS request from origin: http://localhost:8080","service":"extrahand-backend","timestamp":"2025-08-25 19:51:59"}
{"level":"info","message":"Allowed origins: https://extrahand.in, https://extrahandbackend.llp.trizenventures.com, http://localhost:3000, http://localhost:3001, http://localhost:8080, http://localhost:8081","service":"extrahand-backend","timestamp":"2025-08-25 19:51:59"}
{"level":"info","message":"CORS request from origin: http://localhost:8080","service":"extrahand-backend","timestamp":"2025-08-25 19:52:19"}
{"level":"info","message":"Allowed origins: https://extrahand.in, https://extrahandbackend.llp.trizenventures.com, http://localhost:3000, http://localhost:3001, http://localhost:8080, http://localhost:8081","service":"extrahand-backend","timestamp":"2025-08-25 19:52:19"}
{"level":"info","message":"CORS request from origin: http://localhost:8080","service":"extrahand-backend","timestamp":"2025-08-25 19:52:19"}
{"level":"info","message":"Allowed origins: https://extrahand.in, https://extrahandbackend.llp.trizenventures.com, http://localhost:3000, http://localhost:3001, http://localhost:8080, http://localhost:8081","service":"extrahand-backend","timestamp":"2025-08-25 19:52:19"}
{"level":"info","message":"CORS request from origin: http://localhost:8080","service":"extrahand-backend","timestamp":"2025-08-25 19:52:25"}
{"level":"info","message":"Allowed origins: https://extrahand.in, https://extrahandbackend.llp.trizenventures.com, http://localhost:3000, http://localhost:3001, http://localhost:8080, http://localhost:8081","service":"extrahand-backend","timestamp":"2025-08-25 19:52:25"}
{"level":"info","message":"CORS request from origin: http://localhost:8080","service":"extrahand-backend","timestamp":"2025-08-25 19:52:25"}
{"level":"info","message":"Allowed origins: https://extrahand.in, https://extrahandbackend.llp.trizenventures.com, http://localhost:3000, http://localhost:3001, http://localhost:8080, http://localhost:8081","service":"extrahand-backend","timestamp":"2025-08-25 19:52:25"}
{"level":"info","message":"CORS request from origin: http://localhost:8080","service":"extrahand-backend","timestamp":"2025-08-25 19:52:33"}
{"level":"info","message":"Allowed origins: https://extrahand.in, https://extrahandbackend.llp.trizenventures.com, http://localhost:3000, http://localhost:3001, http://localhost:8080, http://localhost:8081","service":"extrahand-backend","timestamp":"2025-08-25 19:52:33"}
{"level":"info","message":"CORS request from origin: http://localhost:8080","service":"extrahand-backend","timestamp":"2025-08-25 19:52:33"}
{"level":"info","message":"Allowed origins: https://extrahand.in, https://extrahandbackend.llp.trizenventures.com, http://localhost:3000, http://localhost:3001, http://localhost:8080, http://localhost:8081","service":"extrahand-backend","timestamp":"2025-08-25 19:52:33"}
{"level":"info","message":"CORS request from origin: http://localhost:8080","service":"extrahand-backend","timestamp":"2025-08-25 19:54:26"}
{"level":"info","message":"Allowed origins: https://extrahand.in, https://extrahandbackend.llp.trizenventures.com, http://localhost:3000, http://localhost:3001, http://localhost:8080, http://localhost:8081","service":"extrahand-backend","timestamp":"2025-08-25 19:54:26"}
{"level":"info","message":"CORS request from origin: http://localhost:8080","service":"extrahand-backend","timestamp":"2025-08-25 19:54:26"}
{"level":"info","message":"Allowed origins: https://extrahand.in, https://extrahandbackend.llp.trizenventures.com, http://localhost:3000, http://localhost:3001, http://localhost:8080, http://localhost:8081","service":"extrahand-backend","timestamp":"2025-08-25 19:54:26"}
{"level":"info","message":"📴 Received SIGINT. Starting graceful shutdown...","service":"extrahand-backend","timestamp":"2025-08-25 19:58:16"}
{"level":"info","message":"🔓 Development mode: Unauthenticated tasks endpoint enabled at /api/v1/dev/tasks","service":"extrahand-backend","timestamp":"2025-08-25 19:58:27"}
{"level":"info","message":"Connected to MongoDB","service":"extrahand-backend","timestamp":"2025-08-25 19:58:31"}
{"level":"info","message":"🚀 Extrahand Backend API listening on port 4000","service":"extrahand-backend","timestamp":"2025-08-25 19:58:31"}
{"level":"info","message":"Environment: development","service":"extrahand-backend","timestamp":"2025-08-25 19:58:31"}
{"level":"info","message":"Health check: http://localhost:4000/api/v1/health","service":"extrahand-backend","timestamp":"2025-08-25 19:58:31"}
{"level":"info","message":"CORS request from origin: http://localhost:8080","service":"extrahand-backend","timestamp":"2025-08-25 19:58:48"}
{"level":"info","message":"Allowed origins: https://extrahand.in, https://extrahandbackend.llp.trizenventures.com, http://localhost:3000, http://localhost:3001, http://localhost:8080, http://localhost:8081","service":"extrahand-backend","timestamp":"2025-08-25 19:58:48"}
{"level":"info","message":"CORS request from origin: http://localhost:8080","service":"extrahand-backend","timestamp":"2025-08-25 19:58:48"}
{"level":"info","message":"Allowed origins: https://extrahand.in, https://extrahandbackend.llp.trizenventures.com, http://localhost:3000, http://localhost:3001, http://localhost:8080, http://localhost:8081","service":"extrahand-backend","timestamp":"2025-08-25 19:58:48"}
{"level":"info","message":"CORS request from origin: http://localhost:8080","service":"extrahand-backend","timestamp":"2025-08-25 20:04:51"}
{"level":"info","message":"Allowed origins: https://extrahand.in, https://extrahandbackend.llp.trizenventures.com, http://localhost:3000, http://localhost:3001, http://localhost:8080, http://localhost:8081","service":"extrahand-backend","timestamp":"2025-08-25 20:04:51"}
{"level":"info","message":"CORS request from origin: http://localhost:8080","service":"extrahand-backend","timestamp":"2025-08-25 20:04:51"}
{"level":"info","message":"Allowed origins: https://extrahand.in, https://extrahandbackend.llp.trizenventures.com, http://localhost:3000, http://localhost:3001, http://localhost:8080, http://localhost:8081","service":"extrahand-backend","timestamp":"2025-08-25 20:04:51"}
{"level":"info","message":"CORS request from origin: http://localhost:8080","service":"extrahand-backend","timestamp":"2025-08-25 20:05:33"}
{"level":"info","message":"Allowed origins: https://extrahand.in, https://extrahandbackend.llp.trizenventures.com, http://localhost:3000, http://localhost:3001, http://localhost:8080, http://localhost:8081","service":"extrahand-backend","timestamp":"2025-08-25 20:05:33"}
{"level":"info","message":"CORS request from origin: http://localhost:8080","service":"extrahand-backend","timestamp":"2025-08-25 20:05:33"}
{"level":"info","message":"Allowed origins: https://extrahand.in, https://extrahandbackend.llp.trizenventures.com, http://localhost:3000, http://localhost:3001, http://localhost:8080, http://localhost:8081","service":"extrahand-backend","timestamp":"2025-08-25 20:05:33"}
{"level":"info","message":"CORS request from origin: http://localhost:8080","service":"extrahand-backend","timestamp":"2025-08-25 20:05:48"}
{"level":"info","message":"Allowed origins: https://extrahand.in, https://extrahandbackend.llp.trizenventures.com, http://localhost:3000, http://localhost:3001, http://localhost:8080, http://localhost:8081","service":"extrahand-backend","timestamp":"2025-08-25 20:05:48"}
{"level":"info","message":"CORS request from origin: http://localhost:8080","service":"extrahand-backend","timestamp":"2025-08-25 20:05:48"}
{"level":"info","message":"Allowed origins: https://extrahand.in, https://extrahandbackend.llp.trizenventures.com, http://localhost:3000, http://localhost:3001, http://localhost:8080, http://localhost:8081","service":"extrahand-backend","timestamp":"2025-08-25 20:05:48"}
{"level":"info","message":"CORS request from origin: http://localhost:8080","service":"extrahand-backend","timestamp":"2025-08-25 20:06:10"}
{"level":"info","message":"Allowed origins: https://extrahand.in, https://extrahandbackend.llp.trizenventures.com, http://localhost:3000, http://localhost:3001, http://localhost:8080, http://localhost:8081","service":"extrahand-backend","timestamp":"2025-08-25 20:06:10"}
{"level":"info","message":"CORS request from origin: http://localhost:8080","service":"extrahand-backend","timestamp":"2025-08-25 20:06:10"}
{"level":"info","message":"Allowed origins: https://extrahand.in, https://extrahandbackend.llp.trizenventures.com, http://localhost:3000, http://localhost:3001, http://localhost:8080, http://localhost:8081","service":"extrahand-backend","timestamp":"2025-08-25 20:06:10"}
{"level":"info","message":"CORS request from origin: http://localhost:8080","service":"extrahand-backend","timestamp":"2025-08-25 20:06:21"}
{"level":"info","message":"Allowed origins: https://extrahand.in, https://extrahandbackend.llp.trizenventures.com, http://localhost:3000, http://localhost:3001, http://localhost:8080, http://localhost:8081","service":"extrahand-backend","timestamp":"2025-08-25 20:06:21"}
{"level":"info","message":"CORS request from origin: http://localhost:8080","service":"extrahand-backend","timestamp":"2025-08-25 20:06:21"}
{"level":"info","message":"Allowed origins: https://extrahand.in, https://extrahandbackend.llp.trizenventures.com, http://localhost:3000, http://localhost:3001, http://localhost:8080, http://localhost:8081","service":"extrahand-backend","timestamp":"2025-08-25 20:06:21"}
{"level":"info","message":"CORS request from origin: http://localhost:8080","service":"extrahand-backend","timestamp":"2025-08-25 20:06:27"}
{"level":"info","message":"Allowed origins: https://extrahand.in, https://extrahandbackend.llp.trizenventures.com, http://localhost:3000, http://localhost:3001, http://localhost:8080, http://localhost:8081","service":"extrahand-backend","timestamp":"2025-08-25 20:06:27"}
{"level":"info","message":"CORS request from origin: http://localhost:8080","service":"extrahand-backend","timestamp":"2025-08-25 20:06:27"}
{"level":"info","message":"Allowed origins: https://extrahand.in, https://extrahandbackend.llp.trizenventures.com, http://localhost:3000, http://localhost:3001, http://localhost:8080, http://localhost:8081","service":"extrahand-backend","timestamp":"2025-08-25 20:06:27"}
{"level":"info","message":"CORS request from origin: http://localhost:8080","service":"extrahand-backend","timestamp":"2025-08-25 20:06:34"}
{"level":"info","message":"Allowed origins: https://extrahand.in, https://extrahandbackend.llp.trizenventures.com, http://localhost:3000, http://localhost:3001, http://localhost:8080, http://localhost:8081","service":"extrahand-backend","timestamp":"2025-08-25 20:06:34"}
{"level":"info","message":"CORS request from origin: http://localhost:8080","service":"extrahand-backend","timestamp":"2025-08-25 20:06:34"}
{"level":"info","message":"Allowed origins: https://extrahand.in, https://extrahandbackend.llp.trizenventures.com, http://localhost:3000, http://localhost:3001, http://localhost:8080, http://localhost:8081","service":"extrahand-backend","timestamp":"2025-08-25 20:06:34"}
{"level":"info","message":"CORS request from origin: http://localhost:8080","service":"extrahand-backend","timestamp":"2025-08-25 20:06:47"}
{"level":"info","message":"Allowed origins: https://extrahand.in, https://extrahandbackend.llp.trizenventures.com, http://localhost:3000, http://localhost:3001, http://localhost:8080, http://localhost:8081","service":"extrahand-backend","timestamp":"2025-08-25 20:06:47"}
{"level":"info","message":"CORS request from origin: http://localhost:8080","service":"extrahand-backend","timestamp":"2025-08-25 20:06:47"}
{"level":"info","message":"Allowed origins: https://extrahand.in, https://extrahandbackend.llp.trizenventures.com, http://localhost:3000, http://localhost:3001, http://localhost:8080, http://localhost:8081","service":"extrahand-backend","timestamp":"2025-08-25 20:06:47"}
{"level":"info","message":"CORS request from origin: http://localhost:8080","service":"extrahand-backend","timestamp":"2025-08-25 20:10:30"}
{"level":"info","message":"Allowed origins: https://extrahand.in, https://extrahandbackend.llp.trizenventures.com, http://localhost:3000, http://localhost:3001, http://localhost:8080, http://localhost:8081","service":"extrahand-backend","timestamp":"2025-08-25 20:10:30"}
{"level":"info","message":"CORS request from origin: http://localhost:8080","service":"extrahand-backend","timestamp":"2025-08-25 20:10:30"}
{"level":"info","message":"Allowed origins: https://extrahand.in, https://extrahandbackend.llp.trizenventures.com, http://localhost:3000, http://localhost:3001, http://localhost:8080, http://localhost:8081","service":"extrahand-backend","timestamp":"2025-08-25 20:10:30"}
{"level":"info","message":"CORS request from origin: http://localhost:8080","service":"extrahand-backend","timestamp":"2025-08-25 20:11:22"}
{"level":"info","message":"Allowed origins: https://extrahand.in, https://extrahandbackend.llp.trizenventures.com, http://localhost:3000, http://localhost:3001, http://localhost:8080, http://localhost:8081","service":"extrahand-backend","timestamp":"2025-08-25 20:11:22"}
{"level":"info","message":"CORS request from origin: http://localhost:8080","service":"extrahand-backend","timestamp":"2025-08-25 20:11:22"}
{"level":"info","message":"Allowed origins: https://extrahand.in, https://extrahandbackend.llp.trizenventures.com, http://localhost:3000, http://localhost:3001, http://localhost:8080, http://localhost:8081","service":"extrahand-backend","timestamp":"2025-08-25 20:11:22"}
{"level":"info","message":"CORS request from origin: http://localhost:8080","service":"extrahand-backend","timestamp":"2025-08-25 20:14:32"}
{"level":"info","message":"Allowed origins: https://extrahand.in, https://extrahandbackend.llp.trizenventures.com, http://localhost:3000, http://localhost:3001, http://localhost:8080, http://localhost:8081","service":"extrahand-backend","timestamp":"2025-08-25 20:14:32"}
{"level":"info","message":"CORS request from origin: http://localhost:8080","service":"extrahand-backend","timestamp":"2025-08-25 20:14:32"}
{"level":"info","message":"Allowed origins: https://extrahand.in, https://extrahandbackend.llp.trizenventures.com, http://localhost:3000, http://localhost:3001, http://localhost:8080, http://localhost:8081","service":"extrahand-backend","timestamp":"2025-08-25 20:14:32"}
{"level":"info","message":"CORS request from origin: http://localhost:8080","service":"extrahand-backend","timestamp":"2025-08-25 20:14:41"}
{"level":"info","message":"Allowed origins: https://extrahand.in, https://extrahandbackend.llp.trizenventures.com, http://localhost:3000, http://localhost:3001, http://localhost:8080, http://localhost:8081","service":"extrahand-backend","timestamp":"2025-08-25 20:14:41"}
{"level":"info","message":"CORS request from origin: http://localhost:8080","service":"extrahand-backend","timestamp":"2025-08-25 20:14:41"}
{"level":"info","message":"Allowed origins: https://extrahand.in, https://extrahandbackend.llp.trizenventures.com, http://localhost:3000, http://localhost:3001, http://localhost:8080, http://localhost:8081","service":"extrahand-backend","timestamp":"2025-08-25 20:14:41"}
{"level":"info","message":"CORS request from origin: http://localhost:8080","service":"extrahand-backend","timestamp":"2025-08-25 20:14:50"}
{"level":"info","message":"Allowed origins: https://extrahand.in, https://extrahandbackend.llp.trizenventures.com, http://localhost:3000, http://localhost:3001, http://localhost:8080, http://localhost:8081","service":"extrahand-backend","timestamp":"2025-08-25 20:14:50"}
{"level":"info","message":"CORS request from origin: http://localhost:8080","service":"extrahand-backend","timestamp":"2025-08-25 20:14:50"}
{"level":"info","message":"Allowed origins: https://extrahand.in, https://extrahandbackend.llp.trizenventures.com, http://localhost:3000, http://localhost:3001, http://localhost:8080, http://localhost:8081","service":"extrahand-backend","timestamp":"2025-08-25 20:14:50"}
{"level":"info","message":"CORS request from origin: http://localhost:8080","service":"extrahand-backend","timestamp":"2025-08-25 20:15:03"}
{"level":"info","message":"Allowed origins: https://extrahand.in, https://extrahandbackend.llp.trizenventures.com, http://localhost:3000, http://localhost:3001, http://localhost:8080, http://localhost:8081","service":"extrahand-backend","timestamp":"2025-08-25 20:15:03"}
{"level":"info","message":"CORS request from origin: http://localhost:8080","service":"extrahand-backend","timestamp":"2025-08-25 20:15:03"}
{"level":"info","message":"Allowed origins: https://extrahand.in, https://extrahandbackend.llp.trizenventures.com, http://localhost:3000, http://localhost:3001, http://localhost:8080, http://localhost:8081","service":"extrahand-backend","timestamp":"2025-08-25 20:15:03"}
{"level":"info","message":"📴 Received SIGINT. Starting graceful shutdown...","service":"extrahand-backend","timestamp":"2025-08-25 20:18:25"}
{"level":"info","message":"✅ HTTP server closed","service":"extrahand-backend","timestamp":"2025-08-25 20:18:25"}
{"level":"info","message":"🔓 Development mode: Unauthenticated tasks endpoint enabled at /api/v1/dev/tasks","service":"extrahand-backend","timestamp":"2025-08-25 20:18:31"}
{"level":"info","message":"Connected to MongoDB","service":"extrahand-backend","timestamp":"2025-08-25 20:18:33"}
{"level":"info","message":"🚀 Extrahand Backend API listening on port 4000","service":"extrahand-backend","timestamp":"2025-08-25 20:18:33"}
{"level":"info","message":"Environment: development","service":"extrahand-backend","timestamp":"2025-08-25 20:18:33"}
{"level":"info","message":"Health check: http://localhost:4000/api/v1/health","service":"extrahand-backend","timestamp":"2025-08-25 20:18:33"}
{"level":"info","message":"CORS request from origin: http://localhost:8080","service":"extrahand-backend","timestamp":"2025-08-25 20:18:36"}
{"level":"info","message":"Allowed origins: https://extrahand.in, https://extrahandbackend.llp.trizenventures.com, http://localhost:3000, http://localhost:3001, http://localhost:8080, http://localhost:8081","service":"extrahand-backend","timestamp":"2025-08-25 20:18:36"}
{"level":"info","message":"CORS request from origin: http://localhost:8080","service":"extrahand-backend","timestamp":"2025-08-25 20:18:36"}
{"level":"info","message":"Allowed origins: https://extrahand.in, https://extrahandbackend.llp.trizenventures.com, http://localhost:3000, http://localhost:3001, http://localhost:8080, http://localhost:8081","service":"extrahand-backend","timestamp":"2025-08-25 20:18:36"}
{"level":"info","message":"🔓 Development mode: Unauthenticated tasks endpoint enabled at /api/v1/dev/tasks","service":"extrahand-backend","timestamp":"2025-08-26 09:56:11"}
{"level":"info","message":"Connected to MongoDB","service":"extrahand-backend","timestamp":"2025-08-26 09:56:12"}
{"level":"info","message":"🚀 Extrahand Backend API listening on port 4000","service":"extrahand-backend","timestamp":"2025-08-26 09:56:12"}
{"level":"info","message":"Environment: development","service":"extrahand-backend","timestamp":"2025-08-26 09:56:12"}
{"level":"info","message":"Health check: http://localhost:4000/api/v1/health","service":"extrahand-backend","timestamp":"2025-08-26 09:56:12"}
{"level":"info","message":"📴 Received SIGINT. Starting graceful shutdown...","service":"extrahand-backend","timestamp":"2025-08-26 09:59:04"}
{"level":"info","message":"🔓 Development mode: Unauthenticated tasks endpoint enabled at /api/v1/dev/tasks","service":"extrahand-backend","timestamp":"2025-08-26 15:19:56"}
{"level":"info","message":"Connected to MongoDB","service":"extrahand-backend","timestamp":"2025-08-26 15:19:58"}
{"level":"info","message":"🚀 Extrahand Backend API listening on port 4000","service":"extrahand-backend","timestamp":"2025-08-26 15:19:58"}
{"level":"info","message":"Environment: development","service":"extrahand-backend","timestamp":"2025-08-26 15:19:58"}
{"level":"info","message":"Health check: http://localhost:4000/api/v1/health","service":"extrahand-backend","timestamp":"2025-08-26 15:19:58"}
{"level":"info","message":"📴 Received SIGINT. Starting graceful shutdown...","service":"extrahand-backend","timestamp":"2025-08-26 15:35:49"}
{"level":"info","message":"🔓 Development mode: Unauthenticated tasks endpoint enabled at /api/v1/dev/tasks","service":"extrahand-backend","timestamp":"2025-08-26 15:36:01"}
{"level":"info","message":"Connected to MongoDB","service":"extrahand-backend","timestamp":"2025-08-26 15:36:02"}
{"level":"info","message":"🚀 Extrahand Backend API listening on port 4000","service":"extrahand-backend","timestamp":"2025-08-26 15:36:02"}
{"level":"info","message":"Environment: development","service":"extrahand-backend","timestamp":"2025-08-26 15:36:02"}
{"level":"info","message":"Health check: http://localhost:4000/api/v1/health","service":"extrahand-backend","timestamp":"2025-08-26 15:36:02"}
{"level":"info","message":"📴 Received SIGINT. Starting graceful shutdown...","service":"extrahand-backend","timestamp":"2025-08-26 17:00:54"}
{"level":"info","message":"✅ HTTP server closed","service":"extrahand-backend","timestamp":"2025-08-26 17:00:54"}
{"level":"info","message":"✅ MongoDB connection closed","service":"extrahand-backend","timestamp":"2025-08-26 17:00:55"}
